<?xml version="1.0" encoding="UTF-8"?>
<robot generator="Robot 4.1 (Python 3.9.6 on win32)" generated="20211003 13:47:02.583" rpa="false" schemaversion="2">
<suite id="s1" name="TC1" source="C:\Users\kumarbya\Python-Practice\Automation\Testcases\Automation-Jenkins\TC1.robot">
<test id="s1-t1" name="TC_Login_Valid">
<kw name="Open Browser" library="SeleniumLibrary">
<arg>${url}</arg>
<arg>${browser}</arg>
<doc>Opens a new browser instance to the optional ``url``.</doc>
<msg timestamp="20211003 13:47:03.020" level="INFO">Opening browser 'chrome' to base url 'https://demo.nopcommerce.com/'.</msg>
<status status="PASS" starttime="20211003 13:47:03.020" endtime="20211003 13:47:10.096"/>
</kw>
<kw name="LoginCustomer">
<kw name="Click Link" library="SeleniumLibrary">
<arg>xpath:/html/body/div[6]/div[1]/div[1]/div[2]/div[1]/ul/li[2]/a</arg>
<doc>Clicks a link identified by ``locator``.</doc>
<msg timestamp="20211003 13:47:10.101" level="INFO">Clicking link 'xpath:/html/body/div[6]/div[1]/div[1]/div[2]/div[1]/ul/li[2]/a'.</msg>
<status status="PASS" starttime="20211003 13:47:10.101" endtime="20211003 13:47:12.402"/>
</kw>
<kw name="Input Text" library="SeleniumLibrary">
<arg>id:Email</arg>
<arg>venkat@gmail.com</arg>
<doc>Types the given ``text`` into the text field identified by ``locator``.</doc>
<msg timestamp="20211003 13:47:12.402" level="INFO">Typing text 'venkat@gmail.com' into text field 'id:Email'.</msg>
<status status="PASS" starttime="20211003 13:47:12.402" endtime="20211003 13:47:12.580"/>
</kw>
<kw name="Input Password" library="SeleniumLibrary">
<arg>id:Password</arg>
<arg>venkat@gmail.com</arg>
<doc>Types the given password into the text field identified by ``locator``.</doc>
<msg timestamp="20211003 13:47:12.581" level="INFO">Typing password into text field 'id:Password'.</msg>
<msg timestamp="20211003 13:47:12.639" level="INFO">Temporally setting log level to: NONE</msg>
<msg timestamp="20211003 13:47:12.762" level="INFO">Log level changed from NONE to INFO.</msg>
<status status="PASS" starttime="20211003 13:47:12.580" endtime="20211003 13:47:12.762"/>
</kw>
<kw name="Click Button" library="SeleniumLibrary">
<arg>xpath:/html/body/div[6]/div[3]/div/div/div/div[2]/div[1]/div[2]/form/div[3]/button</arg>
<doc>Clicks the button identified by ``locator``.</doc>
<msg timestamp="20211003 13:47:12.763" level="INFO">Clicking button 'xpath:/html/body/div[6]/div[3]/div/div/div/div[2]/div[1]/div[2]/form/div[3]/button'.</msg>
<status status="PASS" starttime="20211003 13:47:12.762" endtime="20211003 13:47:14.393"/>
</kw>
<status status="PASS" starttime="20211003 13:47:10.100" endtime="20211003 13:47:14.394"/>
</kw>
<kw name="Close Browser" library="SeleniumLibrary">
<doc>Closes the current browser.</doc>
<status status="PASS" starttime="20211003 13:47:14.394" endtime="20211003 13:47:16.711"/>
</kw>
<status status="PASS" starttime="20211003 13:47:03.019" endtime="20211003 13:47:16.712"/>
</test>
<test id="s1-t2" name="TC_Invalid_Login">
<kw name="Open Browser" library="SeleniumLibrary">
<arg>${url}</arg>
<arg>${browser}</arg>
<doc>Opens a new browser instance to the optional ``url``.</doc>
<msg timestamp="20211003 13:47:16.715" level="INFO">Opening browser 'chrome' to base url 'https://demo.nopcommerce.com/'.</msg>
<status status="PASS" starttime="20211003 13:47:16.713" endtime="20211003 13:47:19.865"/>
</kw>
<kw name="LoginCustomer">
<kw name="Click Link" library="SeleniumLibrary">
<arg>xpath:/html/body/div[6]/div[1]/div[1]/div[2]/div[1]/ul/li[2]/a</arg>
<doc>Clicks a link identified by ``locator``.</doc>
<msg timestamp="20211003 13:47:19.881" level="INFO">Clicking link 'xpath:/html/body/div[6]/div[1]/div[1]/div[2]/div[1]/ul/li[2]/a'.</msg>
<status status="PASS" starttime="20211003 13:47:19.880" endtime="20211003 13:47:21.592"/>
</kw>
<kw name="Input Text" library="SeleniumLibrary">
<arg>id:Email</arg>
<arg>venkat@gmail.com</arg>
<doc>Types the given ``text`` into the text field identified by ``locator``.</doc>
<msg timestamp="20211003 13:47:21.594" level="INFO">Typing text 'venkat@gmail.com' into text field 'id:Email'.</msg>
<status status="PASS" starttime="20211003 13:47:21.594" endtime="20211003 13:47:21.797"/>
</kw>
<kw name="Input Password" library="SeleniumLibrary">
<arg>id:Password</arg>
<arg>venkat@gmail.com</arg>
<doc>Types the given password into the text field identified by ``locator``.</doc>
<msg timestamp="20211003 13:47:21.799" level="INFO">Typing password into text field 'id:Password'.</msg>
<msg timestamp="20211003 13:47:21.858" level="INFO">Temporally setting log level to: NONE</msg>
<msg timestamp="20211003 13:47:21.974" level="INFO">Log level changed from NONE to INFO.</msg>
<status status="PASS" starttime="20211003 13:47:21.798" endtime="20211003 13:47:21.974"/>
</kw>
<kw name="Click Button" library="SeleniumLibrary">
<arg>xpath:/html/body/div[6]/div[3]/div/div/div/div[2]/div[1]/div[2]/form/div[3]/button</arg>
<doc>Clicks the button identified by ``locator``.</doc>
<msg timestamp="20211003 13:47:21.974" level="INFO">Clicking button 'xpath:/html/body/div[6]/div[3]/div/div/div/div[2]/div[1]/div[2]/form/div[3]/button'.</msg>
<status status="PASS" starttime="20211003 13:47:21.974" endtime="20211003 13:47:23.777"/>
</kw>
<status status="PASS" starttime="20211003 13:47:19.880" endtime="20211003 13:47:23.777"/>
</kw>
<kw name="Close Browser" library="SeleniumLibrary">
<doc>Closes the current browser.</doc>
<status status="PASS" starttime="20211003 13:47:23.777" endtime="20211003 13:47:26.090"/>
</kw>
<status status="PASS" starttime="20211003 13:47:16.713" endtime="20211003 13:47:26.094"/>
</test>
<test id="s1-t3" name="jdjd">
<kw name="Get Selenium Speed" library="SeleniumLibrary">
<var>${speed}</var>
<doc>Gets the delay that is waited after each Selenium command.</doc>
<msg timestamp="20211003 13:47:26.105" level="INFO">${speed} = 0 seconds</msg>
<status status="PASS" starttime="20211003 13:47:26.100" endtime="20211003 13:47:26.106"/>
</kw>
<kw name="Open Browser" library="SeleniumLibrary">
<arg>${url}</arg>
<arg>${browser}</arg>
<doc>Opens a new browser instance to the optional ``url``.</doc>
<msg timestamp="20211003 13:47:26.110" level="INFO">Opening browser 'chrome' to base url 'https://demo.nopcommerce.com/'.</msg>
<status status="PASS" starttime="20211003 13:47:26.107" endtime="20211003 13:47:30.630"/>
</kw>
<kw name="Maximize Browser Window" library="SeleniumLibrary">
<doc>Maximizes current browser window.</doc>
<status status="PASS" starttime="20211003 13:47:30.637" endtime="20211003 13:47:30.816"/>
</kw>
<kw name="Set Selenium Speed" library="SeleniumLibrary">
<arg>2 seconds</arg>
<doc>Sets the delay that is waited after each Selenium command.</doc>
<status status="PASS" starttime="20211003 13:47:30.817" endtime="20211003 13:47:30.820"/>
</kw>
<kw name="RegisterCustomer">
<kw name="Click Link" library="SeleniumLibrary">
<arg>xpath:/html/body/div[6]/div[1]/div[1]/div[2]/div[1]/ul/li[1]/a</arg>
<doc>Clicks a link identified by ``locator``.</doc>
<msg timestamp="20211003 13:47:30.824" level="INFO">Clicking link 'xpath:/html/body/div[6]/div[1]/div[1]/div[2]/div[1]/ul/li[1]/a'.</msg>
<status status="PASS" starttime="20211003 13:47:30.823" endtime="20211003 13:47:38.812"/>
</kw>
<kw name="Select Radio Button" library="SeleniumLibrary">
<arg>Gender</arg>
<arg>M</arg>
<doc>Sets the radio button group ``group_name`` to ``value``.</doc>
<msg timestamp="20211003 13:47:38.812" level="INFO">Selecting 'M' from radio button 'Gender'.</msg>
<status status="PASS" starttime="20211003 13:47:38.812" endtime="20211003 13:47:44.924"/>
</kw>
<kw name="Input Text" library="SeleniumLibrary">
<arg>id:FirstName</arg>
<arg>Venkat</arg>
<doc>Types the given ``text`` into the text field identified by ``locator``.</doc>
<msg timestamp="20211003 13:47:44.926" level="INFO">Typing text 'Venkat' into text field 'id:FirstName'.</msg>
<status status="PASS" starttime="20211003 13:47:44.925" endtime="20211003 13:47:51.250"/>
</kw>
<kw name="Input Password" library="SeleniumLibrary">
<arg>id:LastName</arg>
<arg>Kamma</arg>
<doc>Types the given password into the text field identified by ``locator``.</doc>
<msg timestamp="20211003 13:47:51.252" level="INFO">Typing password into text field 'id:LastName'.</msg>
<msg timestamp="20211003 13:47:55.358" level="INFO">Temporally setting log level to: NONE</msg>
<msg timestamp="20211003 13:47:57.452" level="INFO">Log level changed from NONE to INFO.</msg>
<status status="PASS" starttime="20211003 13:47:51.252" endtime="20211003 13:47:57.452"/>
</kw>
<kw name="Select From List By Label" library="SeleniumLibrary">
<arg>DateOfBirthDay</arg>
<arg>1T</arg>
<doc>Selects options from selection list ``locator`` by ``labels``.</doc>
<msg timestamp="20211003 13:47:57.457" level="INFO">Selecting options from selection list 'DateOfBirthDay' by label 1T.</msg>
<kw name="Capture Page Screenshot" library="SeleniumLibrary">
<doc>Takes a screenshot of the current page and embeds it into a log file.</doc>
<msg timestamp="20211003 13:48:07.990" level="INFO" html="true">&lt;/td&gt;&lt;/tr&gt;&lt;tr&gt;&lt;td colspan="3"&gt;&lt;a href="selenium-screenshot-1.png"&gt;&lt;img src="selenium-screenshot-1.png" width="800px"&gt;&lt;/a&gt;</msg>
<status status="PASS" starttime="20211003 13:48:05.667" endtime="20211003 13:48:07.991"/>
</kw>
<msg timestamp="20211003 13:48:08.166" level="FAIL">NoSuchElementException: Message: Could not locate element with visible text: 1T
</msg>
<status status="FAIL" starttime="20211003 13:47:57.452" endtime="20211003 13:48:08.167"/>
</kw>
<kw name="Select From List By Label" library="SeleniumLibrary">
<arg>DateOfBirthMonth</arg>
<arg>January</arg>
<doc>Selects options from selection list ``locator`` by ``labels``.</doc>
<status status="NOT RUN" starttime="20211003 13:48:08.168" endtime="20211003 13:48:08.169"/>
</kw>
<kw name="Select From List By Label" library="SeleniumLibrary">
<arg>DateOfBirthYear</arg>
<arg>2000</arg>
<doc>Selects options from selection list ``locator`` by ``labels``.</doc>
<status status="NOT RUN" starttime="20211003 13:48:08.169" endtime="20211003 13:48:08.169"/>
</kw>
<kw name="Input Text" library="SeleniumLibrary">
<arg>id:Email</arg>
<arg>venkat@gmail.com</arg>
<doc>Types the given ``text`` into the text field identified by ``locator``.</doc>
<status status="NOT RUN" starttime="20211003 13:48:08.169" endtime="20211003 13:48:08.170"/>
</kw>
<kw name="Input Password" library="SeleniumLibrary">
<arg>id:Password</arg>
<arg>venkat@gmail.com</arg>
<doc>Types the given password into the text field identified by ``locator``.</doc>
<status status="NOT RUN" starttime="20211003 13:48:08.170" endtime="20211003 13:48:08.170"/>
</kw>
<kw name="Input Password" library="SeleniumLibrary">
<arg>id:ConfirmPassword</arg>
<arg>venkat@gmail.com</arg>
<doc>Types the given password into the text field identified by ``locator``.</doc>
<status status="NOT RUN" starttime="20211003 13:48:08.170" endtime="20211003 13:48:08.171"/>
</kw>
<kw name="Click Button" library="SeleniumLibrary">
<arg>id:register-button</arg>
<doc>Clicks the button identified by ``locator``.</doc>
<status status="NOT RUN" starttime="20211003 13:48:08.171" endtime="20211003 13:48:08.171"/>
</kw>
<status status="FAIL" starttime="20211003 13:47:30.821" endtime="20211003 13:48:08.171"/>
</kw>
<kw name="Close Browser" library="SeleniumLibrary">
<doc>Closes the current browser.</doc>
<status status="NOT RUN" starttime="20211003 13:48:08.173" endtime="20211003 13:48:08.173"/>
</kw>
<status status="FAIL" starttime="20211003 13:47:26.100" endtime="20211003 13:48:08.174">NoSuchElementException: Message: Could not locate element with visible text: 1T
</status>
</test>
<status status="FAIL" starttime="20211003 13:47:02.587" endtime="20211003 13:48:08.180"/>
</suite>
<statistics>
<total>
<stat pass="2" fail="1" skip="0">All Tests</stat>
</total>
<tag>
</tag>
<suite>
<stat pass="2" fail="1" skip="0" id="s1" name="TC1">TC1</stat>
</suite>
</statistics>
<errors>
</errors>
</robot>
